Starting teuxdeux-clone at Fri Aug  8 22:04:56 CEST 2025
2025/08/08 22:04:56 Database migrations completed successfully
2025/08/08 22:04:56 Database initialized successfully at ./teuxdeux.db
2025/08/08 22:04:56 Starting TeuxDeux Clone server on port 8080
2025/08/08 22:04:56 Visit http://localhost:8080 to use the application
[GIN] 2025/08/08 - 22:04:58 | 200 |     865.958µs |             ::1 | GET      "/"
[GIN] 2025/08/08 - 22:04:58 | 304 |     123.541µs |             ::1 | GET      "/static/css/style.css"
[GIN] 2025/08/08 - 22:04:58 | 304 |        78.5µs |             ::1 | GET      "/static/js/app.js"
[GIN] 2025/08/08 - 22:04:58 | 200 |     811.292µs |             ::1 | GET      "/api/v1/dashboard"
[GIN] 2025/08/08 - 22:05:02 | 200 |          83µs |             ::1 | GET      "/"
[GIN] 2025/08/08 - 22:05:02 | 200 |     348.584µs |             ::1 | GET      "/api/v1/dashboard"
[GIN] 2025/08/08 - 22:05:02 | 200 |     109.708µs |             ::1 | GET      "/"
[GIN] 2025/08/08 - 22:05:02 | 200 |     755.209µs |             ::1 | GET      "/api/v1/dashboard"
[GIN] 2025/08/08 - 22:05:13 | 201 |    2.372666ms |             ::1 | POST     "/api/v1/categories"
[GIN] 2025/08/08 - 22:05:13 | 200 |     896.667µs |             ::1 | GET      "/api/v1/dashboard"
[GIN] 2025/08/08 - 22:05:16 | 200 |      83.917µs |             ::1 | GET      "/"
[GIN] 2025/08/08 - 22:05:16 | 200 |    2.841583ms |             ::1 | GET      "/api/v1/dashboard"
[GIN] 2025/08/08 - 22:05:16 | 200 |      82.917µs |             ::1 | GET      "/"
[GIN] 2025/08/08 - 22:05:16 | 200 |     474.875µs |             ::1 | GET      "/api/v1/dashboard"
Starting teuxdeux-clone at Fri Aug  8 22:10:24 CEST 2025
2025/08/08 22:10:24 Database migrations completed successfully
2025/08/08 22:10:24 Database initialized successfully at ./teuxdeux.db
2025/08/08 22:10:24 Starting TeuxDeux Clone server on port 6666
2025/08/08 22:10:24 Visit http://localhost:6666 to use the application
[GIN] 2025/08/08 - 22:10:33 | 200 |     682.417µs |             ::1 | GET      "/api/v1/health"
[GIN] 2025/08/08 - 22:10:37 | 200 |     481.166µs |             ::1 | GET      "/api/v1/dashboard"
[GIN] 2025/08/08 - 22:12:31 | 200 |      36.833µs |             ::1 | GET      "/api/v1/health"
[GIN] 2025/08/08 - 22:12:35 | 404 |       1.541µs |             ::1 | HEAD     "/"
Starting teuxdeux-clone at Fri Aug  8 22:13:20 CEST 2025
2025/08/08 22:13:20 Database migrations completed successfully
2025/08/08 22:13:20 Database initialized successfully at ./teuxdeux.db
2025/08/08 22:13:20 Starting TeuxDeux Clone server on port 6666
2025/08/08 22:13:20 Visit http://localhost:6666 to use the application
[GIN] 2025/08/08 - 22:13:28 | 200 |    2.062875ms |             ::1 | GET      "/"
[GIN] 2025/08/08 - 22:13:33 | 200 |     112.792µs |             ::1 | HEAD     "/static/dist/assets/main-x8JkYd-y.css"
[GIN] 2025/08/08 - 22:13:37 | 200 |      66.125µs |             ::1 | HEAD     "/static/dist/assets/main-D5eZ6jRj.js"
[GIN] 2025/08/08 - 22:13:43 | 201 |     784.542µs |             ::1 | POST     "/api/v1/todos"
Starting teuxdeux-clone at Fri Aug  8 22:32:08 CEST 2025
2025/08/08 22:32:08 Database migrations completed successfully
2025/08/08 22:32:08 Database initialized successfully at ./teuxdeux.db
2025/08/08 22:32:08 Starting TeuxDeux Clone server on port 6666
2025/08/08 22:32:08 Visit http://localhost:6666 to use the application
Starting teuxdeux-clone at Fri Aug  8 22:35:13 CEST 2025
2025/08/08 22:35:13 Database migrations completed successfully
2025/08/08 22:35:13 Database initialized successfully at ./teuxdeux.db
2025/08/08 22:35:13 Starting TeuxDeux Clone server on port 6666
2025/08/08 22:35:13 Visit http://localhost:6666 to use the application
[GIN] 2025/08/08 - 22:35:16 | 201 |    1.553083ms |             ::1 | POST     "/api/v1/todos"
[GIN] 2025/08/08 - 22:35:21 | 201 |      557.75µs |             ::1 | POST     "/api/v1/todos"
[GIN] 2025/08/08 - 22:35:27 | 201 |     494.209µs |             ::1 | POST     "/api/v1/todos"
[GIN] 2025/08/08 - 22:35:27 | 201 |     380.125µs |             ::1 | POST     "/api/v1/todos"
[GIN] 2025/08/08 - 22:35:27 | 201 |     444.167µs |             ::1 | POST     "/api/v1/todos"
[GIN] 2025/08/08 - 22:35:32 | 200 |     157.708µs |             ::1 | GET      "/api/v1/categories"
[GIN] 2025/08/08 - 22:35:38 | 201 |     499.625µs |             ::1 | POST     "/api/v1/categories"
[GIN] 2025/08/08 - 22:35:38 | 201 |     421.875µs |             ::1 | POST     "/api/v1/categories"
[GIN] 2025/08/08 - 22:35:42 | 200 |     523.167µs |             ::1 | PUT      "/api/v1/categories/1"
[GIN] 2025/08/08 - 22:35:48 | 200 |     544.125µs |             ::1 | PUT      "/api/v1/todos/3"
[GIN] 2025/08/08 - 22:35:48 | 200 |     428.041µs |             ::1 | PUT      "/api/v1/todos/5"
Starting teuxdeux-clone at Sat Aug  9 00:07:29 CEST 2025
2025/08/09 00:07:29 Database migrations completed successfully
2025/08/09 00:07:29 Database initialized successfully at ./teuxdeux.db
2025/08/09 00:07:29 Found 1 incomplete todos from past dates, migrating to today...
2025/08/09 00:07:29 Successfully migrated 1 todos to today
2025/08/09 00:07:29 Starting TeuxDeux Clone server on port 6666
2025/08/09 00:07:29 Visit http://localhost:6666 to use the application
[GIN] 2025/08/09 - 00:08:02 | 404 |       1.375µs |             ::1 | HEAD     "/"
Starting teuxdeux-clone at Sat Aug  9 00:08:45 CEST 2025
2025/08/09 00:08:45 Database migrations completed successfully
2025/08/09 00:08:45 Database initialized successfully at ./teuxdeux.db
2025/08/09 00:08:45 Starting TeuxDeux Clone server on port 6666
2025/08/09 00:08:45 Visit http://localhost:6666 to use the application
[GIN] 2025/08/09 - 00:08:54 | 404 |        1.25µs |             ::1 | HEAD     "/"
Starting teuxdeux-clone at Sat Aug  9 00:09:37 CEST 2025
2025/08/09 00:09:38 Database migrations completed successfully
2025/08/09 00:09:38 Database initialized successfully at ./teuxdeux.db
2025/08/09 00:09:38 Starting TeuxDeux Clone server on port 6666
2025/08/09 00:09:38 Visit http://localhost:6666 to use the application
[GIN] 2025/08/09 - 00:09:45 | 200 |       7.708µs |             ::1 | GET      "/"
[GIN] 2025/08/09 - 00:09:49 | 200 |    1.740083ms |             ::1 | HEAD     "/static/dist/assets/main-BfN1mM3W.css"
[GIN] 2025/08/09 - 00:09:53 | 200 |      68.333µs |             ::1 | HEAD     "/static/dist/assets/main-CXgIco4r.js"
[GIN] 2025/08/09 - 00:09:57 | 200 |     576.791µs |             ::1 | GET      "/api/v1/dashboard"
Starting teuxdeux-clone at Sat Aug  9 00:11:04 CEST 2025
2025/08/09 00:11:04 Database migrations completed successfully
2025/08/09 00:11:04 Database initialized successfully at ./teuxdeux.db
2025/08/09 00:11:04 Starting TeuxDeux Clone server on port 6666
2025/08/09 00:11:04 Visit http://localhost:6666 to use the application
[GIN] 2025/08/09 - 00:11:54 | 200 |       5.083µs |             ::1 | GET      "/"
[GIN] 2025/08/09 - 00:12:00 | 200 |    2.076834ms |             ::1 | GET      "/static/dist/assets/main-CXgIco4r.js"
[GIN] 2025/08/09 - 00:12:07 | 200 |     517.042µs |             ::1 | GET      "/api/v1/dashboard"
Starting teuxdeux-clone at Sat Aug  9 00:13:15 CEST 2025
2025/08/09 00:13:16 Database migrations completed successfully
2025/08/09 00:13:16 Database initialized successfully at ./teuxdeux.db
2025/08/09 00:13:16 Starting TeuxDeux Clone server on port 6666
2025/08/09 00:13:16 Visit http://localhost:6666 to use the application
[GIN] 2025/08/09 - 00:13:23 | 200 |       5.292µs |             ::1 | GET      "/"
[GIN] 2025/08/09 - 00:13:29 | 200 |    1.952125ms |             ::1 | HEAD     "/static/dist/assets/main-2w_MdTcO.js"
Starting teuxdeux-clone at Sat Aug  9 00:14:17 CEST 2025
2025/08/09 00:14:17 Database migrations completed successfully
2025/08/09 00:14:17 Database initialized successfully at ./teuxdeux.db
2025/08/09 00:14:17 Starting TeuxDeux Clone server on port 6666
2025/08/09 00:14:17 Visit http://localhost:6666 to use the application
Starting teuxdeux-clone at Sat Aug  9 00:15:39 CEST 2025
2025/08/09 00:15:39 Database migrations completed successfully
2025/08/09 00:15:39 Database initialized successfully at ./teuxdeux.db
2025/08/09 00:15:39 Starting TeuxDeux Clone server on port 8080
2025/08/09 00:15:39 Visit http://localhost:8080 to use the application
[GIN] 2025/08/09 - 00:15:42 | 200 |      16.417µs |             ::1 | GET      "/"
[GIN] 2025/08/09 - 00:15:42 | 200 |    2.482417ms |             ::1 | GET      "/static/dist/assets/main-BBHD7hWm.css"
[GIN] 2025/08/09 - 00:15:42 | 200 |    2.734042ms |             ::1 | GET      "/static/dist/assets/main-DfIUUFr9.js"
[GIN] 2025/08/09 - 00:15:42 | 200 |       1.111ms |             ::1 | GET      "/api/v1/dashboard"
[GIN] 2025/08/09 - 00:15:50 | 200 |      47.416µs |             ::1 | GET      "/"
[GIN] 2025/08/09 - 00:15:50 | 200 |     105.583µs |             ::1 | GET      "/static/dist/assets/main-BBHD7hWm.css"
[GIN] 2025/08/09 - 00:15:50 | 200 |      181.75µs |             ::1 | GET      "/static/dist/assets/main-DfIUUFr9.js"
[GIN] 2025/08/09 - 00:15:50 | 200 |     370.125µs |             ::1 | GET      "/api/v1/dashboard"
Starting teuxdeux-clone at Sat Aug  9 00:16:38 CEST 2025
2025/08/09 00:16:39 Database migrations completed successfully
2025/08/09 00:16:39 Database initialized successfully at ./teuxdeux.db
2025/08/09 00:16:39 Starting TeuxDeux Clone server on port 6666
2025/08/09 00:16:39 Visit http://localhost:6666 to use the application
[GIN] 2025/08/09 - 00:16:50 | 200 |     578.166µs |             ::1 | GET      "/api/v1/dashboard"
Starting teuxdeux-clone at Sat Aug  9 00:20:07 CEST 2025
2025/08/09 00:20:07 Database migrations completed successfully
2025/08/09 00:20:07 Database initialized successfully at ./teuxdeux.db
2025/08/09 00:20:07 Starting TeuxDeux Clone server on port 6666
2025/08/09 00:20:07 Visit http://localhost:6666 to use the application
[GIN] 2025/08/09 - 00:20:20 | 201 |     969.083µs |             ::1 | POST     "/api/v1/todos"
[GIN] 2025/08/09 - 00:20:25 | 201 |     882.167µs |             ::1 | POST     "/api/v1/todos"
Starting teuxdeux-clone at Sat Aug  9 00:21:19 CEST 2025
2025/08/09 00:21:20 Database migrations completed successfully
2025/08/09 00:21:20 Database initialized successfully at ./teuxdeux.db
2025/08/09 00:21:20 Starting TeuxDeux Clone server on port 6666
2025/08/09 00:21:20 Visit http://localhost:6666 to use the application
Starting teuxdeux-clone at Sat Aug  9 00:22:20 CEST 2025
2025/08/09 00:22:20 Database migrations completed successfully
2025/08/09 00:22:20 Database initialized successfully at ./teuxdeux.db
2025/08/09 00:22:20 Starting TeuxDeux Clone server on port 8080
2025/08/09 00:22:20 Visit http://localhost:8080 to use the application
[GIN] 2025/08/09 - 00:22:20 | 200 |        9.75µs |             ::1 | GET      "/"
[GIN] 2025/08/09 - 00:22:20 | 200 |    2.463041ms |             ::1 | GET      "/static/dist/assets/main-BBHD7hWm.css"
[GIN] 2025/08/09 - 00:22:20 | 200 |    2.709625ms |             ::1 | GET      "/static/dist/assets/main-DfIUUFr9.js"
[GIN] 2025/08/09 - 00:22:20 | 200 |     1.44325ms |             ::1 | GET      "/api/v1/dashboard"
[GIN] 2025/08/09 - 00:22:23 | 200 |     3.27525ms |             ::1 | PUT      "/api/v1/todos/7"
[GIN] 2025/08/09 - 00:22:23 | 200 |    1.084792ms |             ::1 | GET      "/api/v1/dashboard"
[GIN] 2025/08/09 - 00:22:24 | 200 |    1.897833ms |             ::1 | PUT      "/api/v1/todos/7"
[GIN] 2025/08/09 - 00:22:24 | 200 |    1.066708ms |             ::1 | GET      "/api/v1/dashboard"
[GIN] 2025/08/09 - 00:22:25 | 200 |    1.800917ms |             ::1 | PUT      "/api/v1/todos/1"
[GIN] 2025/08/09 - 00:22:25 | 200 |     877.125µs |             ::1 | GET      "/api/v1/dashboard"
[GIN] 2025/08/09 - 00:22:26 | 200 |    5.108667ms |             ::1 | PUT      "/api/v1/todos/1"
[GIN] 2025/08/09 - 00:22:26 | 200 |     917.667µs |             ::1 | GET      "/api/v1/dashboard"
[GIN] 2025/08/09 - 00:22:27 | 200 |    1.043167ms |             ::1 | PUT      "/api/v1/todos/7"
[GIN] 2025/08/09 - 00:22:27 | 200 |    1.472834ms |             ::1 | GET      "/api/v1/dashboard"
[GIN] 2025/08/09 - 00:22:27 | 200 |    2.226917ms |             ::1 | PUT      "/api/v1/todos/7"
[GIN] 2025/08/09 - 00:22:27 | 200 |    1.137833ms |             ::1 | GET      "/api/v1/dashboard"
[GIN] 2025/08/09 - 00:22:29 | 201 |      4.6725ms |             ::1 | POST     "/api/v1/todos"
[GIN] 2025/08/09 - 00:22:29 | 200 |    1.337625ms |             ::1 | GET      "/api/v1/dashboard"
[GIN] 2025/08/09 - 00:22:32 | 201 |    2.832542ms |             ::1 | POST     "/api/v1/todos"
[GIN] 2025/08/09 - 00:22:32 | 200 |    1.804333ms |             ::1 | GET      "/api/v1/dashboard"
[GIN] 2025/08/09 - 00:22:38 | 201 |    2.204875ms |             ::1 | POST     "/api/v1/todos"
[GIN] 2025/08/09 - 00:22:38 | 200 |       1.033ms |             ::1 | GET      "/api/v1/dashboard"
[GIN] 2025/08/09 - 00:22:43 | 201 |    1.345792ms |             ::1 | POST     "/api/v1/todos"
[GIN] 2025/08/09 - 00:22:43 | 200 |    1.742541ms |             ::1 | GET      "/api/v1/dashboard"
Starting teuxdeux-clone at Sat Aug  9 00:26:18 CEST 2025
2025/08/09 00:26:18 Database migrations completed successfully
2025/08/09 00:26:18 Database initialized successfully at ./teuxdeux.db
2025/08/09 00:26:18 Starting TeuxDeux Clone server on port 8080
2025/08/09 00:26:18 Visit http://localhost:8080 to use the application
[GIN] 2025/08/09 - 00:26:40 | 200 |      19.125µs |             ::1 | GET      "/"
[GIN] 2025/08/09 - 00:26:40 | 200 |    2.837542ms |             ::1 | GET      "/static/dist/assets/main-C0iYh0oK.css"
[GIN] 2025/08/09 - 00:26:40 | 200 |    3.479875ms |             ::1 | GET      "/static/dist/assets/main-r3Vxx_HL.js"
[GIN] 2025/08/09 - 00:26:40 | 200 |     1.36725ms |             ::1 | GET      "/api/v1/dashboard"
[GIN] 2025/08/09 - 00:27:05 | 200 |      16.042µs |             ::1 | GET      "/"
[GIN] 2025/08/09 - 00:27:05 | 304 |     105.292µs |             ::1 | GET      "/static/dist/assets/main-C0iYh0oK.css"
[GIN] 2025/08/09 - 00:27:05 | 304 |      64.209µs |             ::1 | GET      "/static/dist/assets/main-r3Vxx_HL.js"
[GIN] 2025/08/09 - 00:27:05 | 200 |    1.126208ms |             ::1 | GET      "/api/v1/dashboard"
[GIN] 2025/08/09 - 00:27:18 | 201 |     990.459µs |             ::1 | POST     "/api/v1/todos"
[GIN] 2025/08/09 - 00:27:18 | 200 |     313.791µs |             ::1 | GET      "/api/v1/dashboard"
[GIN] 2025/08/09 - 00:27:21 | 200 |    2.209458ms |             ::1 | PUT      "/api/v1/todos/12"
[GIN] 2025/08/09 - 00:27:21 | 200 |    3.347708ms |             ::1 | GET      "/api/v1/dashboard"
[GIN] 2025/08/09 - 00:27:22 | 200 |    3.552459ms |             ::1 | PUT      "/api/v1/todos/12"
[GIN] 2025/08/09 - 00:27:22 | 200 |    1.658125ms |             ::1 | GET      "/api/v1/dashboard"
[GIN] 2025/08/09 - 00:27:24 | 200 |    3.412542ms |             ::1 | PUT      "/api/v1/todos/7"
[GIN] 2025/08/09 - 00:27:24 | 200 |    1.290584ms |             ::1 | GET      "/api/v1/dashboard"
Starting teuxdeux-clone at Sat Aug  9 00:28:42 CEST 2025
2025/08/09 00:28:42 Database migrations completed successfully
2025/08/09 00:28:42 Database initialized successfully at ./teuxdeux.db
2025/08/09 00:28:42 Starting TeuxDeux Clone server on port 8080
2025/08/09 00:28:42 Visit http://localhost:8080 to use the application
[GIN] 2025/08/09 - 00:29:07 | 200 |      23.875µs |             ::1 | GET      "/"
[GIN] 2025/08/09 - 00:29:07 | 304 |         197µs |             ::1 | GET      "/static/dist/assets/main-C0iYh0oK.css"
[GIN] 2025/08/09 - 00:29:07 | 304 |     200.541µs |             ::1 | GET      "/static/dist/assets/main-r3Vxx_HL.js"
[GIN] 2025/08/09 - 00:29:07 | 200 |    1.077792ms |             ::1 | GET      "/api/v1/dashboard"
[GIN] 2025/08/09 - 00:29:13 | 200 |     2.13075ms |             ::1 | PUT      "/api/v1/todos/12"
[GIN] 2025/08/09 - 00:29:13 | 200 |         798µs |             ::1 | GET      "/api/v1/dashboard"
[GIN] 2025/08/09 - 00:29:14 | 200 |    2.106833ms |             ::1 | PUT      "/api/v1/todos/12"
[GIN] 2025/08/09 - 00:29:14 | 200 |    1.178416ms |             ::1 | GET      "/api/v1/dashboard"
[GIN] 2025/08/09 - 00:29:14 | 200 |    2.370583ms |             ::1 | PUT      "/api/v1/todos/7"
[GIN] 2025/08/09 - 00:29:14 | 200 |    1.140833ms |             ::1 | GET      "/api/v1/dashboard"
[GIN] 2025/08/09 - 00:29:16 | 200 |    1.116666ms |             ::1 | PUT      "/api/v1/todos/1"
[GIN] 2025/08/09 - 00:29:16 | 200 |    1.510167ms |             ::1 | GET      "/api/v1/dashboard"
[GIN] 2025/08/09 - 00:29:16 | 200 |    1.364958ms |             ::1 | PUT      "/api/v1/todos/7"
[GIN] 2025/08/09 - 00:29:16 | 200 |       1.487ms |             ::1 | GET      "/api/v1/dashboard"
[GIN] 2025/08/09 - 00:29:17 | 200 |    2.159792ms |             ::1 | PUT      "/api/v1/todos/12"
[GIN] 2025/08/09 - 00:29:17 | 200 |      889.75µs |             ::1 | GET      "/api/v1/dashboard"
[GIN] 2025/08/09 - 00:29:18 | 200 |    2.252792ms |             ::1 | PUT      "/api/v1/todos/9"
[GIN] 2025/08/09 - 00:29:18 | 200 |    1.937042ms |             ::1 | GET      "/api/v1/dashboard"
[GIN] 2025/08/09 - 00:29:19 | 200 |    1.319917ms |             ::1 | PUT      "/api/v1/todos/10"
[GIN] 2025/08/09 - 00:29:19 | 200 |    1.584375ms |             ::1 | GET      "/api/v1/dashboard"
Starting teuxdeux-clone at Sat Aug  9 00:31:00 CEST 2025
2025/08/09 00:31:00 Database migrations completed successfully
2025/08/09 00:31:00 Database initialized successfully at ./teuxdeux.db
2025/08/09 00:31:00 Starting TeuxDeux Clone server on port 8080
2025/08/09 00:31:00 Visit http://localhost:8080 to use the application
[GIN] 2025/08/09 - 00:31:02 | 200 |      19.833µs |             ::1 | GET      "/"
[GIN] 2025/08/09 - 00:31:02 | 304 |     156.417µs |             ::1 | GET      "/static/dist/assets/main-C0iYh0oK.css"
[GIN] 2025/08/09 - 00:31:02 | 304 |     183.375µs |             ::1 | GET      "/static/dist/assets/main-r3Vxx_HL.js"
[GIN] 2025/08/09 - 00:31:02 | 200 |    1.034375ms |             ::1 | GET      "/api/v1/dashboard"
[GIN] 2025/08/09 - 00:31:03 | 200 |      17.792µs |             ::1 | GET      "/"
[GIN] 2025/08/09 - 00:31:03 | 200 |     860.084µs |             ::1 | GET      "/api/v1/dashboard"
[GIN] 2025/08/09 - 00:31:05 | 200 |    3.075125ms |             ::1 | PUT      "/api/v1/todos/1"
[GIN] 2025/08/09 - 00:31:05 | 200 |    1.366917ms |             ::1 | GET      "/api/v1/dashboard"
[GIN] 2025/08/09 - 00:31:06 | 200 |     955.541µs |             ::1 | PUT      "/api/v1/todos/1"
[GIN] 2025/08/09 - 00:31:06 | 200 |     1.06625ms |             ::1 | GET      "/api/v1/dashboard"
[GIN] 2025/08/09 - 00:31:07 | 200 |    2.362417ms |             ::1 | PUT      "/api/v1/todos/1"
[GIN] 2025/08/09 - 00:31:07 | 200 |    1.286208ms |             ::1 | GET      "/api/v1/dashboard"
Starting teuxdeux-clone at Sat Aug  9 00:31:49 CEST 2025
2025/08/09 00:31:49 Database migrations completed successfully
2025/08/09 00:31:49 Database initialized successfully at ./teuxdeux.db
2025/08/09 00:31:49 Starting TeuxDeux Clone server on port 8080
2025/08/09 00:31:49 Visit http://localhost:8080 to use the application
[GIN] 2025/08/09 - 00:32:03 | 200 |      19.167µs |             ::1 | GET      "/"
[GIN] 2025/08/09 - 00:32:03 | 304 |     151.416µs |             ::1 | GET      "/static/dist/assets/main-C0iYh0oK.css"
[GIN] 2025/08/09 - 00:32:03 | 304 |       142.5µs |             ::1 | GET      "/static/dist/assets/main-r3Vxx_HL.js"
[GIN] 2025/08/09 - 00:32:03 | 200 |    1.145125ms |             ::1 | GET      "/api/v1/dashboard"
[GIN] 2025/08/09 - 00:32:04 | 200 |      10.166µs |             ::1 | GET      "/"
[GIN] 2025/08/09 - 00:32:04 | 200 |     751.458µs |             ::1 | GET      "/api/v1/dashboard"
[GIN] 2025/08/09 - 00:32:05 | 200 |    2.136083ms |             ::1 | PUT      "/api/v1/todos/1"
[GIN] 2025/08/09 - 00:32:05 | 200 |    1.094875ms |             ::1 | GET      "/api/v1/dashboard"
[GIN] 2025/08/09 - 00:32:05 | 200 |     1.47825ms |             ::1 | PUT      "/api/v1/todos/1"
[GIN] 2025/08/09 - 00:32:05 | 200 |      677.75µs |             ::1 | GET      "/api/v1/dashboard"
[GIN] 2025/08/09 - 00:32:06 | 200 |     1.86225ms |             ::1 | PUT      "/api/v1/todos/1"
[GIN] 2025/08/09 - 00:32:06 | 200 |     991.292µs |             ::1 | GET      "/api/v1/dashboard"
[GIN] 2025/08/09 - 00:32:07 | 200 |    1.041792ms |             ::1 | PUT      "/api/v1/todos/1"
[GIN] 2025/08/09 - 00:32:07 | 200 |     862.209µs |             ::1 | GET      "/api/v1/dashboard"
[GIN] 2025/08/09 - 00:32:07 | 200 |    3.112584ms |             ::1 | PUT      "/api/v1/todos/1"
[GIN] 2025/08/09 - 00:32:07 | 200 |     931.542µs |             ::1 | GET      "/api/v1/dashboard"
[GIN] 2025/08/09 - 00:33:49 | 200 |      12.125µs |             ::1 | GET      "/"
[GIN] 2025/08/09 - 00:33:49 | 304 |      94.292µs |             ::1 | GET      "/static/dist/assets/main-C0iYh0oK.css"
[GIN] 2025/08/09 - 00:33:49 | 304 |      69.459µs |             ::1 | GET      "/static/dist/assets/main-r3Vxx_HL.js"
[GIN] 2025/08/09 - 00:33:49 | 200 |    1.521875ms |             ::1 | GET      "/api/v1/dashboard"
[GIN] 2025/08/09 - 00:33:50 | 200 |      13.917µs |             ::1 | GET      "/"
[GIN] 2025/08/09 - 00:33:50 | 200 |     779.708µs |             ::1 | GET      "/api/v1/dashboard"
[GIN] 2025/08/09 - 00:33:53 | 200 |    3.527125ms |             ::1 | PUT      "/api/v1/todos/2"
[GIN] 2025/08/09 - 00:33:53 | 200 |     799.541µs |             ::1 | GET      "/api/v1/dashboard"
[GIN] 2025/08/09 - 00:33:54 | 200 |     2.49575ms |             ::1 | PUT      "/api/v1/todos/2"
[GIN] 2025/08/09 - 00:33:54 | 200 |       1.513ms |             ::1 | GET      "/api/v1/dashboard"
[GIN] 2025/08/09 - 00:33:55 | 200 |    2.295542ms |             ::1 | PUT      "/api/v1/todos/2"
[GIN] 2025/08/09 - 00:33:55 | 200 |     989.917µs |             ::1 | GET      "/api/v1/dashboard"
[GIN] 2025/08/09 - 00:33:56 | 200 |     574.791µs |             ::1 | PUT      "/api/v1/todos/1"
[GIN] 2025/08/09 - 00:33:56 | 200 |      421.75µs |             ::1 | GET      "/api/v1/dashboard"
[GIN] 2025/08/09 - 00:33:57 | 200 |     709.375µs |             ::1 | PUT      "/api/v1/todos/7"
[GIN] 2025/08/09 - 00:33:57 | 200 |     349.041µs |             ::1 | GET      "/api/v1/dashboard"
[GIN] 2025/08/09 - 00:33:57 | 200 |      1.3995ms |             ::1 | PUT      "/api/v1/todos/12"
[GIN] 2025/08/09 - 00:33:57 | 200 |     729.459µs |             ::1 | GET      "/api/v1/dashboard"
[GIN] 2025/08/09 - 00:34:38 | 200 |       13.25µs |             ::1 | GET      "/"
[GIN] 2025/08/09 - 00:34:38 | 404 |      30.625µs |             ::1 | GET      "/static/dist/assets/main-C0iYh0oK.css"
[GIN] 2025/08/09 - 00:34:38 | 404 |          11µs |             ::1 | GET      "/static/dist/assets/main-r3Vxx_HL.js"
[GIN] 2025/08/09 - 00:34:40 | 200 |       12.25µs |             ::1 | GET      "/"
[GIN] 2025/08/09 - 00:34:40 | 404 |       25.25µs |             ::1 | GET      "/static/dist/assets/main-C0iYh0oK.css"
[GIN] 2025/08/09 - 00:34:40 | 404 |        8.75µs |             ::1 | GET      "/static/dist/assets/main-r3Vxx_HL.js"
Starting teuxdeux-clone at Sat Aug  9 00:35:25 CEST 2025
2025/08/09 00:35:26 Database migrations completed successfully
2025/08/09 00:35:26 Database initialized successfully at ./teuxdeux.db
2025/08/09 00:35:26 Starting TeuxDeux Clone server on port 8080
2025/08/09 00:35:26 Visit http://localhost:8080 to use the application
[GIN] 2025/08/09 - 00:35:34 | 200 |      10.125µs |             ::1 | GET      "/"
[GIN] 2025/08/09 - 00:35:34 | 200 |    4.029625ms |             ::1 | GET      "/static/dist/assets/main-DNh0V272.css"
[GIN] 2025/08/09 - 00:35:34 | 200 |    3.218333ms |             ::1 | GET      "/static/dist/assets/main-DvzgD6f0.js"
[GIN] 2025/08/09 - 00:35:34 | 200 |    1.133834ms |             ::1 | GET      "/api/v1/dashboard"
[GIN] 2025/08/09 - 00:35:37 | 200 |    2.855167ms |             ::1 | DELETE   "/api/v1/todos/12"
[GIN] 2025/08/09 - 00:35:37 | 200 |    1.265458ms |             ::1 | GET      "/api/v1/dashboard"
[GIN] 2025/08/09 - 00:35:38 | 200 |    1.499375ms |             ::1 | DELETE   "/api/v1/todos/7"
[GIN] 2025/08/09 - 00:35:38 | 200 |     794.334µs |             ::1 | GET      "/api/v1/dashboard"
[GIN] 2025/08/09 - 00:35:40 | 200 |     3.78275ms |             ::1 | DELETE   "/api/v1/todos/1"
[GIN] 2025/08/09 - 00:35:40 | 200 |    1.245125ms |             ::1 | GET      "/api/v1/dashboard"
[GIN] 2025/08/09 - 00:35:44 | 201 |    3.285625ms |             ::1 | POST     "/api/v1/todos"
[GIN] 2025/08/09 - 00:35:44 | 200 |     917.708µs |             ::1 | GET      "/api/v1/dashboard"
[GIN] 2025/08/09 - 00:35:48 | 200 |    3.042416ms |             ::1 | PUT      "/api/v1/todos/14"
[GIN] 2025/08/09 - 00:35:48 | 200 |    1.513917ms |             ::1 | GET      "/api/v1/dashboard"
[GIN] 2025/08/09 - 00:35:57 | 200 |    2.090583ms |             ::1 | DELETE   "/api/v1/categories/3"
[GIN] 2025/08/09 - 00:35:57 | 200 |    1.248958ms |             ::1 | GET      "/api/v1/dashboard"
[GIN] 2025/08/09 - 00:36:04 | 400 |      381.75µs |             ::1 | DELETE   "/api/v1/categories/4"
[GIN] 2025/08/09 - 00:36:05 | 400 |     405.542µs |             ::1 | DELETE   "/api/v1/categories/4"
[GIN] 2025/08/09 - 00:36:07 | 400 |     362.125µs |             ::1 | DELETE   "/api/v1/categories/4"
[GIN] 2025/08/09 - 00:36:11 | 200 |    3.253916ms |             ::1 | DELETE   "/api/v1/todos/4"
[GIN] 2025/08/09 - 00:36:11 | 200 |    1.364458ms |             ::1 | GET      "/api/v1/dashboard"
[GIN] 2025/08/09 - 00:36:12 | 200 |    3.302042ms |             ::1 | DELETE   "/api/v1/todos/13"
[GIN] 2025/08/09 - 00:36:12 | 200 |    1.456042ms |             ::1 | GET      "/api/v1/dashboard"
[GIN] 2025/08/09 - 00:36:13 | 200 |    2.465541ms |             ::1 | DELETE   "/api/v1/categories/4"
[GIN] 2025/08/09 - 00:36:13 | 200 |    2.942583ms |             ::1 | GET      "/api/v1/dashboard"
[GIN] 2025/08/09 - 00:36:16 | 200 |    2.013458ms |             ::1 | DELETE   "/api/v1/categories/6"
[GIN] 2025/08/09 - 00:36:16 | 200 |     1.81425ms |             ::1 | GET      "/api/v1/dashboard"
[GIN] 2025/08/09 - 00:36:20 | 200 |    2.525917ms |             ::1 | DELETE   "/api/v1/todos/9"
[GIN] 2025/08/09 - 00:36:20 | 200 |     891.625µs |             ::1 | GET      "/api/v1/dashboard"
[GIN] 2025/08/09 - 00:36:21 | 200 |    2.377292ms |             ::1 | DELETE   "/api/v1/todos/10"
[GIN] 2025/08/09 - 00:36:21 | 200 |     563.834µs |             ::1 | GET      "/api/v1/dashboard"
[GIN] 2025/08/09 - 00:36:23 | 200 |    1.508625ms |             ::1 | DELETE   "/api/v1/todos/11"
[GIN] 2025/08/09 - 00:36:23 | 200 |     687.834µs |             ::1 | GET      "/api/v1/dashboard"
[GIN] 2025/08/09 - 00:36:25 | 200 |    2.926917ms |             ::1 | DELETE   "/api/v1/todos/14"
[GIN] 2025/08/09 - 00:36:25 | 200 |    1.456958ms |             ::1 | GET      "/api/v1/dashboard"
[GIN] 2025/08/09 - 00:39:24 | 200 |       9.334µs |             ::1 | GET      "/"
[GIN] 2025/08/09 - 00:39:24 | 304 |      60.584µs |             ::1 | GET      "/static/dist/assets/main-DvzgD6f0.js"
[GIN] 2025/08/09 - 00:39:24 | 304 |     102.917µs |             ::1 | GET      "/static/dist/assets/main-DNh0V272.css"
[GIN] 2025/08/09 - 00:39:24 | 200 |    1.108375ms |             ::1 | GET      "/api/v1/dashboard"
Starting teuxdeux-clone at Sat Aug  9 00:39:55 CEST 2025
2025/08/09 00:39:56 Database migrations completed successfully
2025/08/09 00:39:56 Database initialized successfully at ./teuxdeux.db
2025/08/09 00:39:56 Starting TeuxDeux Clone server on port 8080
2025/08/09 00:39:56 Visit http://localhost:8080 to use the application
[GIN] 2025/08/09 - 00:39:57 | 200 |      12.875µs |             ::1 | GET      "/"
[GIN] 2025/08/09 - 00:39:57 | 200 |    4.036417ms |             ::1 | GET      "/static/dist/assets/main-DNh0V272.css"
[GIN] 2025/08/09 - 00:39:57 | 200 |    4.734125ms |             ::1 | GET      "/static/dist/assets/main-DgpEtozb.js"
[GIN] 2025/08/09 - 00:39:57 | 200 |     1.51325ms |             ::1 | GET      "/api/v1/dashboard"
[GIN] 2025/08/09 - 00:40:05 | 200 |    1.419042ms |             ::1 | PUT      "/api/v1/categories/2"
[GIN] 2025/08/09 - 00:40:05 | 200 |    1.216125ms |             ::1 | GET      "/api/v1/dashboard"
[GIN] 2025/08/09 - 00:40:10 | 200 |    1.060125ms |             ::1 | GET      "/api/v1/dashboard?weekOffset=7"
[GIN] 2025/08/09 - 00:40:12 | 200 |    1.409917ms |             ::1 | GET      "/api/v1/dashboard?weekOffset=0"
[GIN] 2025/08/09 - 00:40:13 | 200 |     991.084µs |             ::1 | GET      "/api/v1/dashboard?weekOffset=-7"
[GIN] 2025/08/09 - 00:40:23 | 201 |    2.210875ms |             ::1 | POST     "/api/v1/todos"
[GIN] 2025/08/09 - 00:40:23 | 200 |     1.39375ms |             ::1 | GET      "/api/v1/dashboard"
[GIN] 2025/08/09 - 00:40:26 | 200 |    1.420292ms |             ::1 | GET      "/api/v1/dashboard?weekOffset=0"
[GIN] 2025/08/09 - 00:40:28 | 200 |     667.708µs |             ::1 | GET      "/api/v1/dashboard?weekOffset=-7"
[GIN] 2025/08/09 - 00:40:31 | 200 |     1.48775ms |             ::1 | GET      "/api/v1/dashboard?weekOffset=0"
Starting teuxdeux-clone at Sat Aug  9 00:42:00 CEST 2025
2025/08/09 00:42:01 Database migrations completed successfully
2025/08/09 00:42:01 Database initialized successfully at ./teuxdeux.db
2025/08/09 00:42:01 Found 1 incomplete todos from past dates, migrating to today...
2025/08/09 00:42:01 Successfully migrated 1 todos to today
2025/08/09 00:42:01 Starting TeuxDeux Clone server on port 8080
2025/08/09 00:42:01 Visit http://localhost:8080 to use the application
[GIN] 2025/08/09 - 00:42:16 | 200 |       11.25µs |             ::1 | GET      "/"
[GIN] 2025/08/09 - 00:42:16 | 304 |     1.00975ms |             ::1 | GET      "/static/dist/assets/main-DNh0V272.css"
[GIN] 2025/08/09 - 00:42:16 | 304 |     130.166µs |             ::1 | GET      "/static/dist/assets/main-DgpEtozb.js"
[GIN] 2025/08/09 - 00:42:16 | 200 |    1.082083ms |             ::1 | GET      "/api/v1/dashboard"
[GIN] 2025/08/09 - 00:42:19 | 200 |     945.209µs |             ::1 | GET      "/api/v1/dashboard?weekOffset=-7"
[GIN] 2025/08/09 - 00:42:22 | 200 |    2.789792ms |             ::1 | GET      "/api/v1/dashboard?weekOffset=0"
[GIN] 2025/08/09 - 00:42:25 | 200 |     714.292µs |             ::1 | GET      "/api/v1/dashboard?weekOffset=-7"
[GIN] 2025/08/09 - 00:42:33 | 201 |    2.798958ms |             ::1 | POST     "/api/v1/todos"
[GIN] 2025/08/09 - 00:42:33 | 200 |     562.833µs |             ::1 | GET      "/api/v1/dashboard"
[GIN] 2025/08/09 - 00:42:35 | 200 |    1.338833ms |             ::1 | GET      "/api/v1/dashboard?weekOffset=-14"
[GIN] 2025/08/09 - 00:42:39 | 200 |    1.638334ms |             ::1 | GET      "/api/v1/dashboard?weekOffset=-7"
[GIN] 2025/08/09 - 00:42:42 | 200 |    1.549542ms |             ::1 | GET      "/api/v1/dashboard?weekOffset=0"
[GIN] 2025/08/09 - 00:42:43 | 200 |      947.25µs |             ::1 | GET      "/api/v1/dashboard?weekOffset=-7"
[GIN] 2025/08/09 - 00:42:44 | 200 |     885.042µs |             ::1 | PUT      "/api/v1/todos/16"
[GIN] 2025/08/09 - 00:42:44 | 200 |       571.5µs |             ::1 | GET      "/api/v1/dashboard"
[GIN] 2025/08/09 - 00:42:48 | 200 |    1.789542ms |             ::1 | GET      "/api/v1/dashboard?weekOffset=-14"
[GIN] 2025/08/09 - 00:42:51 | 200 |    1.288625ms |             ::1 | GET      "/api/v1/dashboard?weekOffset=-7"
[GIN] 2025/08/09 - 00:42:52 | 200 |     1.41025ms |             ::1 | GET      "/api/v1/dashboard?weekOffset=0"
[GIN] 2025/08/09 - 00:42:57 | 200 |    3.995083ms |             ::1 | DELETE   "/api/v1/todos/2"
[GIN] 2025/08/09 - 00:42:57 | 200 |    1.486292ms |             ::1 | GET      "/api/v1/dashboard"
[GIN] 2025/08/09 - 00:43:11 | 200 |    3.243083ms |             ::1 | DELETE   "/api/v1/todos/3"
[GIN] 2025/08/09 - 00:43:11 | 200 |    1.152417ms |             ::1 | GET      "/api/v1/dashboard"
[GIN] 2025/08/09 - 00:43:13 | 200 |    3.035333ms |             ::1 | DELETE   "/api/v1/todos/5"
[GIN] 2025/08/09 - 00:43:13 | 200 |    1.510667ms |             ::1 | GET      "/api/v1/dashboard"
[GIN] 2025/08/09 - 00:43:32 | 201 |    4.047334ms |             ::1 | POST     "/api/v1/categories"
[GIN] 2025/08/09 - 00:43:32 | 200 |     936.125µs |             ::1 | GET      "/api/v1/dashboard"
[GIN] 2025/08/09 - 00:43:35 | 200 |    1.701792ms |             ::1 | DELETE   "/api/v1/categories/9"
[GIN] 2025/08/09 - 00:43:35 | 200 |     561.959µs |             ::1 | GET      "/api/v1/dashboard"
Starting teuxdeux-clone at Sat Aug  9 00:48:07 CEST 2025
2025/08/09 00:48:07 Database migrations completed successfully
2025/08/09 00:48:07 Database initialized successfully at ./teuxdeux.db
2025/08/09 00:48:07 Starting TeuxDeux Clone server on port 8080
2025/08/09 00:48:07 Visit http://localhost:8080 to use the application
[GIN] 2025/08/09 - 00:48:16 | 200 |      63.459µs |             ::1 | GET      "/"
[GIN] 2025/08/09 - 00:48:17 | 404 |      25.625µs |             ::1 | GET      "/static/dist/assets/main-DNh0V272.css"
[GIN] 2025/08/09 - 00:48:17 | 404 |       8.917µs |             ::1 | GET      "/static/dist/assets/main-DgpEtozb.js"
[GIN] 2025/08/09 - 00:48:17 | 201 |     758.625µs |             ::1 | POST     "/api/v1/todos"
[GIN] 2025/08/09 - 00:48:20 | 200 |      10.834µs |             ::1 | GET      "/"
[GIN] 2025/08/09 - 00:48:20 | 404 |      23.375µs |             ::1 | GET      "/static/dist/assets/main-DNh0V272.css"
[GIN] 2025/08/09 - 00:48:20 | 404 |       8.458µs |             ::1 | GET      "/static/dist/assets/main-DgpEtozb.js"
[GIN] 2025/08/09 - 00:48:21 | 201 |     529.667µs |             ::1 | POST     "/api/v1/todos"
[GIN] 2025/08/09 - 00:48:23 | 200 |       7.541µs |             ::1 | GET      "/"
[GIN] 2025/08/09 - 00:48:23 | 404 |      25.625µs |             ::1 | GET      "/static/dist/assets/main-DNh0V272.css"
[GIN] 2025/08/09 - 00:48:23 | 404 |      10.958µs |             ::1 | GET      "/static/dist/assets/main-DgpEtozb.js"
[GIN] 2025/08/09 - 00:48:24 | 200 |       6.167µs |             ::1 | GET      "/"
[GIN] 2025/08/09 - 00:48:24 | 404 |      15.208µs |             ::1 | GET      "/static/dist/assets/main-DNh0V272.css"
[GIN] 2025/08/09 - 00:48:24 | 404 |      12.667µs |             ::1 | GET      "/static/dist/assets/main-DgpEtozb.js"
[GIN] 2025/08/09 - 00:48:25 | 200 |     526.083µs |             ::1 | PUT      "/api/v1/todos/17"
[GIN] 2025/08/09 - 00:48:30 | 200 |     555.084µs |             ::1 | PUT      "/api/v1/todos/18"
[GIN] 2025/08/09 - 00:48:32 | 200 |       7.375µs |             ::1 | GET      "/"
[GIN] 2025/08/09 - 00:48:32 | 404 |      20.208µs |             ::1 | GET      "/static/dist/assets/main-DNh0V272.css"
[GIN] 2025/08/09 - 00:48:32 | 404 |       7.958µs |             ::1 | GET      "/static/dist/assets/main-DgpEtozb.js"
[GIN] 2025/08/09 - 00:48:33 | 200 |       8.875µs |             ::1 | GET      "/"
[GIN] 2025/08/09 - 00:48:33 | 404 |      10.375µs |             ::1 | GET      "/static/dist/assets/main-DgpEtozb.js"
[GIN] 2025/08/09 - 00:48:33 | 404 |       176.5µs |             ::1 | GET      "/static/dist/assets/main-DNh0V272.css"
[GIN] 2025/08/09 - 00:48:37 | 200 |       7.917µs |             ::1 | GET      "/"
[GIN] 2025/08/09 - 00:48:37 | 404 |      26.458µs |             ::1 | GET      "/static/dist/assets/main-DNh0V272.css"
[GIN] 2025/08/09 - 00:48:37 | 404 |      21.209µs |             ::1 | GET      "/static/dist/assets/main-DgpEtozb.js"
Starting teuxdeux-clone at Sat Aug  9 00:48:58 CEST 2025
2025/08/09 00:48:58 Database migrations completed successfully
2025/08/09 00:48:58 Database initialized successfully at ./teuxdeux.db
2025/08/09 00:48:58 Starting TeuxDeux Clone server on port 8080
2025/08/09 00:48:58 Visit http://localhost:8080 to use the application
[GIN] 2025/08/09 - 00:49:51 | 200 |        11.5µs |             ::1 | GET      "/"
[GIN] 2025/08/09 - 00:49:51 | 404 |      25.208µs |             ::1 | GET      "/static/dist/assets/main-DNh0V272.css"
[GIN] 2025/08/09 - 00:49:51 | 404 |      10.833µs |             ::1 | GET      "/static/dist/assets/main-DgpEtozb.js"
[GIN] 2025/08/09 - 00:49:52 | 200 |      34.625µs |             ::1 | GET      "/"
[GIN] 2025/08/09 - 00:49:52 | 404 |      20.459µs |             ::1 | GET      "/static/dist/assets/main-DNh0V272.css"
[GIN] 2025/08/09 - 00:49:52 | 404 |       9.167µs |             ::1 | GET      "/static/dist/assets/main-DgpEtozb.js"
Starting teuxdeux-clone at Sat Aug  9 00:50:18 CEST 2025
2025/08/09 00:50:18 Database migrations completed successfully
2025/08/09 00:50:18 Database initialized successfully at ./teuxdeux.db
2025/08/09 00:50:18 Starting TeuxDeux Clone server on port 8080
2025/08/09 00:50:18 Visit http://localhost:8080 to use the application
[GIN] 2025/08/09 - 00:50:24 | 200 |      12.666µs |             ::1 | GET      "/"
[GIN] 2025/08/09 - 00:50:24 | 404 |      736.75µs |             ::1 | GET      "/static/dist/assets/main-DNh0V272.css"
[GIN] 2025/08/09 - 00:50:24 | 404 |      16.333µs |             ::1 | GET      "/static/dist/assets/main-DgpEtozb.js"
[GIN] 2025/08/09 - 00:50:24 | 200 |      11.417µs |             ::1 | GET      "/"
[GIN] 2025/08/09 - 00:50:24 | 404 |      19.459µs |             ::1 | GET      "/static/dist/assets/main-DgpEtozb.js"
[GIN] 2025/08/09 - 00:50:24 | 404 |       9.333µs |             ::1 | GET      "/static/dist/assets/main-DNh0V272.css"
[GIN] 2025/08/09 - 00:50:25 | 200 |          12µs |             ::1 | GET      "/"
[GIN] 2025/08/09 - 00:50:25 | 404 |      24.208µs |             ::1 | GET      "/static/dist/assets/main-DNh0V272.css"
[GIN] 2025/08/09 - 00:50:25 | 404 |       8.292µs |             ::1 | GET      "/static/dist/assets/main-DgpEtozb.js"
[GIN] 2025/08/09 - 00:50:25 | 200 |      26.375µs |             ::1 | GET      "/"
[GIN] 2025/08/09 - 00:50:25 | 404 |      20.583µs |             ::1 | GET      "/static/dist/assets/main-DNh0V272.css"
[GIN] 2025/08/09 - 00:50:25 | 404 |       9.833µs |             ::1 | GET      "/static/dist/assets/main-DgpEtozb.js"
[GIN] 2025/08/09 - 00:51:05 | 200 |       8.459µs |             ::1 | GET      "/"
[GIN] 2025/08/09 - 00:51:05 | 404 |      24.458µs |             ::1 | GET      "/static/dist/assets/main-DgpEtozb.js"
[GIN] 2025/08/09 - 00:51:05 | 404 |      24.166µs |             ::1 | GET      "/static/dist/assets/main-DNh0V272.css"
[GIN] 2025/08/09 - 00:51:41 | 200 |      41.625µs |             ::1 | GET      "/"
[GIN] 2025/08/09 - 00:51:41 | 404 |      13.416µs |             ::1 | GET      "/static/dist/assets/main-DNh0V272.css"
[GIN] 2025/08/09 - 00:51:41 | 404 |       6.417µs |             ::1 | GET      "/static/dist/assets/main-DgpEtozb.js"
Starting teuxdeux-clone at Sat Aug  9 00:52:22 CEST 2025
2025/08/09 00:52:22 Database migrations completed successfully
2025/08/09 00:52:22 Database initialized successfully at ./teuxdeux.db
2025/08/09 00:52:22 Starting TeuxDeux Clone server on port 8080
2025/08/09 00:52:22 Visit http://localhost:8080 to use the application
[GIN] 2025/08/09 - 00:52:27 | 200 |       7.083µs |             ::1 | GET      "/"
[GIN] 2025/08/09 - 00:52:27 | 200 |    2.395584ms |             ::1 | GET      "/static/dist/assets/main-DtY6mj95.css"
[GIN] 2025/08/09 - 00:52:27 | 200 |    2.323625ms |             ::1 | GET      "/static/dist/assets/main-DVcq1UE3.js"
[GIN] 2025/08/09 - 00:52:28 | 200 |     517.709µs |             ::1 | GET      "/api/v1/dashboard"
[GIN] 2025/08/09 - 00:52:50 | 200 |     147.291µs |             ::1 | GET      "/"
[GIN] 2025/08/09 - 00:52:50 | 200 |     199.167µs |             ::1 | GET      "/static/dist/assets/main-DtY6mj95.css"
[GIN] 2025/08/09 - 00:52:50 | 200 |     245.209µs |             ::1 | GET      "/static/dist/assets/main-DVcq1UE3.js"
[GIN] 2025/08/09 - 00:52:50 | 200 |     739.166µs |             ::1 | GET      "/api/v1/dashboard"
[GIN] 2025/08/09 - 00:53:02 | 200 |       8.583µs |             ::1 | GET      "/"
[GIN] 2025/08/09 - 00:53:02 | 200 |     607.292µs |             ::1 | GET      "/api/v1/dashboard"
Starting teuxdeux-clone at Sat Aug  9 00:58:15 CEST 2025
2025/08/09 00:58:15 Database migrations completed successfully
2025/08/09 00:58:15 Database initialized successfully at ./teuxdeux.db
2025/08/09 00:58:15 Starting TeuxDeux Clone server on port 8080
2025/08/09 00:58:15 Visit http://localhost:8080 to use the application
[GIN] 2025/08/09 - 00:58:25 | 200 |       5.625µs |             ::1 | GET      "/"
[GIN] 2025/08/09 - 00:58:25 | 200 |         865µs |             ::1 | GET      "/static/dist/assets/main-DYQHtsz6.css"
[GIN] 2025/08/09 - 00:58:25 | 200 |     825.083µs |             ::1 | GET      "/static/dist/assets/main-DNCWMaiy.js"
[GIN] 2025/08/09 - 00:58:25 | 200 |     502.833µs |             ::1 | GET      "/api/v1/dashboard"
[GIN] 2025/08/09 - 00:58:37 | 200 |      44.959µs |             ::1 | GET      "/"
[GIN] 2025/08/09 - 00:58:37 | 200 |      99.708µs |             ::1 | GET      "/static/dist/assets/main-DYQHtsz6.css"
[GIN] 2025/08/09 - 00:58:37 | 200 |         171µs |             ::1 | GET      "/static/dist/assets/main-DNCWMaiy.js"
[GIN] 2025/08/09 - 00:58:37 | 200 |     335.541µs |             ::1 | GET      "/api/v1/dashboard"
[GIN] 2025/08/09 - 00:58:45 | 200 |      18.917µs |             ::1 | GET      "/"
[GIN] 2025/08/09 - 00:58:45 | 200 |       97.75µs |             ::1 | GET      "/static/dist/assets/main-DYQHtsz6.css"
[GIN] 2025/08/09 - 00:58:45 | 200 |     173.584µs |             ::1 | GET      "/static/dist/assets/main-DNCWMaiy.js"
[GIN] 2025/08/09 - 00:58:46 | 200 |     327.042µs |             ::1 | GET      "/api/v1/dashboard"
[GIN] 2025/08/09 - 00:59:57 | 200 |      36.416µs |             ::1 | GET      "/"
[GIN] 2025/08/09 - 00:59:57 | 200 |     213.875µs |             ::1 | GET      "/static/dist/assets/main-DYQHtsz6.css"
[GIN] 2025/08/09 - 00:59:57 | 200 |     238.334µs |             ::1 | GET      "/static/dist/assets/main-DNCWMaiy.js"
[GIN] 2025/08/09 - 00:59:57 | 200 |       739.5µs |             ::1 | GET      "/api/v1/dashboard"
Starting teuxdeux-clone at Sat Aug  9 01:02:17 CEST 2025
2025/08/09 01:02:17 Database migrations completed successfully
2025/08/09 01:02:17 Database initialized successfully at ./teuxdeux.db
2025/08/09 01:02:17 Starting TeuxDeux Clone server on port 8080
2025/08/09 01:02:17 Visit http://localhost:8080 to use the application
[GIN] 2025/08/09 - 01:02:18 | 200 |      266.25µs |             ::1 | GET      "/"
[GIN] 2025/08/09 - 01:02:18 | 200 |    2.692834ms |             ::1 | GET      "/static/dist/assets/main-CKWiLKVz.css"
[GIN] 2025/08/09 - 01:02:18 | 200 |    2.642208ms |             ::1 | GET      "/static/dist/assets/main-BBK0XcyB.js"
[GIN] 2025/08/09 - 01:02:18 | 200 |      915.25µs |             ::1 | GET      "/api/v1/dashboard"
[GIN] 2025/08/09 - 01:02:24 | 200 |      45.875µs |             ::1 | GET      "/"
[GIN] 2025/08/09 - 01:02:24 | 200 |       99.75µs |             ::1 | GET      "/static/dist/assets/main-CKWiLKVz.css"
[GIN] 2025/08/09 - 01:02:24 | 200 |     307.083µs |             ::1 | GET      "/static/dist/assets/main-BBK0XcyB.js"
[GIN] 2025/08/09 - 01:02:24 | 200 |     364.875µs |             ::1 | GET      "/api/v1/dashboard"
[GIN] 2025/08/09 - 01:02:27 | 201 |    2.683083ms |             ::1 | POST     "/api/v1/todos"
[GIN] 2025/08/09 - 01:02:27 | 200 |    1.293458ms |             ::1 | GET      "/api/v1/dashboard"
[GIN] 2025/08/09 - 01:02:34 | 201 |       1.346ms |             ::1 | POST     "/api/v1/todos"
[GIN] 2025/08/09 - 01:02:34 | 200 |    1.215083ms |             ::1 | GET      "/api/v1/dashboard"
[GIN] 2025/08/09 - 01:02:38 | 200 |    1.951583ms |             ::1 | PUT      "/api/v1/todos/19"
[GIN] 2025/08/09 - 01:02:38 | 200 |     881.708µs |             ::1 | GET      "/api/v1/dashboard"
[GIN] 2025/08/09 - 01:02:40 | 200 |    1.496459ms |             ::1 | PUT      "/api/v1/todos/19"
[GIN] 2025/08/09 - 01:02:40 | 200 |     616.416µs |             ::1 | GET      "/api/v1/dashboard"
[GIN] 2025/08/09 - 01:02:46 | 200 |    2.087833ms |             ::1 | PUT      "/api/v1/todos/20"
[GIN] 2025/08/09 - 01:02:46 | 200 |    1.436375ms |             ::1 | GET      "/api/v1/dashboard"
[GIN] 2025/08/09 - 01:02:48 | 200 |    1.643833ms |             ::1 | PUT      "/api/v1/todos/17"
[GIN] 2025/08/09 - 01:02:48 | 200 |     1.33175ms |             ::1 | GET      "/api/v1/dashboard"
Starting teuxdeux-clone at Sat Aug  9 01:16:11 CEST 2025
2025/08/09 01:16:11 Failed to initialize database: failed to ping database: unable to open database file: is a directory
Starting teuxdeux-clone at Sat Aug  9 01:16:49 CEST 2025
2025/08/09 01:16:49 Failed to initialize database: failed to ping database: unable to open database file: is a directory
Starting teuxdeux-clone at Sat Aug  9 01:17:49 CEST 2025
2025/08/09 01:17:49 Failed to initialize database: failed to ping database: unable to open database file: is a directory
